{"src/Counter.sol":{"l":{"8":0,"12":0},"path":"src/Counter.sol","s":{},"b":{},"f":{"1":0,"2":0},"fnMap":{"1":{"name":"setNumber","line":7,"loc":{"start":{"line":7,"column":4},"end":{"line":9,"column":4}}},"2":{"name":"increment","line":11,"loc":{"start":{"line":11,"column":4},"end":{"line":13,"column":4}}}},"statementMap":{},"branchMap":{}},"src/EIP712Demo.sol":{"l":{"17":0,"21":0,"27":0,"28":0,"36":0,"39":0,"40":0,"43":0,"55":0,"58":0,"59":0,"62":0,"63":0,"71":0,"74":0,"75":0,"81":0,"84":0,"100":0,"103":0,"104":0,"105":0},"path":"src/EIP712Demo.sol","s":{"1":0,"2":0,"3":0,"4":0,"5":0,"6":0,"7":0,"8":0,"9":0,"10":0,"11":0,"12":0,"13":0,"14":0,"15":0,"16":0,"17":0,"18":0,"19":0,"20":0,"21":0,"22":0},"b":{},"f":{"1":0,"2":0,"3":0,"4":0,"5":0,"6":0,"7":0,"8":0},"fnMap":{"1":{"name":"constructor","line":16,"loc":{"start":{"line":16,"column":4},"end":{"line":18,"column":4}}},"2":{"name":"getDomainSeparator","line":20,"loc":{"start":{"line":20,"column":4},"end":{"line":22,"column":4}}},"3":{"name":"getHash","line":24,"loc":{"start":{"line":24,"column":4},"end":{"line":29,"column":4}}},"4":{"name":"verifySignature","line":31,"loc":{"start":{"line":31,"column":4},"end":{"line":49,"column":4}}},"5":{"name":"verifySignatureAndReturnSigner","line":51,"loc":{"start":{"line":51,"column":4},"end":{"line":64,"column":4}}},"6":{"name":"verifySignatureTypedData","line":66,"loc":{"start":{"line":66,"column":4},"end":{"line":76,"column":4}}},"7":{"name":"getStructHash","line":78,"loc":{"start":{"line":78,"column":4},"end":{"line":94,"column":4}}},"8":{"name":"verifySignatureAndReturnSignerTypedData","line":96,"loc":{"start":{"line":96,"column":4},"end":{"line":106,"column":4}}}},"statementMap":{"1":{"start":{"line":17,"column":8},"end":{"line":17,"column":38}},"2":{"start":{"line":21,"column":8},"end":{"line":21,"column":35}},"3":{"start":{"line":27,"column":8},"end":{"line":27,"column":50}},"4":{"start":{"line":28,"column":8},"end":{"line":28,"column":43}},"5":{"start":{"line":36,"column":8},"end":{"line":36,"column":1093}},"6":{"start":{"line":39,"column":8},"end":{"line":39,"column":53}},"7":{"start":{"line":40,"column":8},"end":{"line":40,"column":1221}},"8":{"start":{"line":43,"column":8},"end":{"line":43,"column":1330}},"9":{"start":{"line":55,"column":8},"end":{"line":55,"column":1638}},"10":{"start":{"line":58,"column":8},"end":{"line":58,"column":53}},"11":{"start":{"line":59,"column":8},"end":{"line":59,"column":1766}},"12":{"start":{"line":62,"column":8},"end":{"line":62,"column":78}},"13":{"start":{"line":63,"column":8},"end":{"line":63,"column":24}},"14":{"start":{"line":71,"column":8},"end":{"line":71,"column":2141}},"15":{"start":{"line":74,"column":8},"end":{"line":74,"column":53}},"16":{"start":{"line":75,"column":8},"end":{"line":75,"column":78}},"17":{"start":{"line":81,"column":8},"end":{"line":81,"column":2449}},"18":{"start":{"line":84,"column":8},"end":{"line":84,"column":2599}},"19":{"start":{"line":100,"column":8},"end":{"line":100,"column":3033}},"20":{"start":{"line":103,"column":8},"end":{"line":103,"column":53}},"21":{"start":{"line":104,"column":8},"end":{"line":104,"column":69}},"22":{"start":{"line":105,"column":8},"end":{"line":105,"column":24}}},"branchMap":{}}}